Tue Jan 28 2020 22:09:54 GMT+0900 (GMT+09:00):GET /create
Tue Jan 28 2020 22:10:12 GMT+0900 (GMT+09:00):POST /
Tue Jan 28 2020 22:10:12 GMT+0900 (GMT+09:00):GET /
Tue Jan 28 2020 22:20:23 GMT+0900 (GMT+09:00):GET /
Tue Jan 28 2020 22:20:27 GMT+0900 (GMT+09:00):GET /create
Tue Jan 28 2020 22:20:30 GMT+0900 (GMT+09:00):POST /
Tue Jan 28 2020 22:30:17 GMT+0900 (GMT+09:00):GET /create
Tue Jan 28 2020 22:30:29 GMT+0900 (GMT+09:00):POST /
Tue Jan 28 2020 22:30:29 GMT+0900 (GMT+09:00):GET /
Tue Jan 28 2020 22:43:52 GMT+0900 (GMT+09:00):GET /
Tue Jan 28 2020 22:43:52 GMT+0900 (GMT+09:00):GET /favicon.ico
Tue Jan 28 2020 22:43:53 GMT+0900 (GMT+09:00):GET /favicon.ico
Tue Jan 28 2020 22:43:54 GMT+0900 (GMT+09:00):GET /create
Tue Jan 28 2020 22:44:01 GMT+0900 (GMT+09:00):POST /
Tue Jan 28 2020 22:44:01 GMT+0900 (GMT+09:00):GET /
Tue Jan 28 2020 22:45:35 GMT+0900 (GMT+09:00):GET /delete/22
Tue Jan 28 2020 22:45:37 GMT+0900 (GMT+09:00):POST /delete/22
Tue Jan 28 2020 22:45:37 GMT+0900 (GMT+09:00):GET /
Tue Jan 28 2020 22:45:41 GMT+0900 (GMT+09:00):GET /delete/20
Tue Jan 28 2020 22:45:44 GMT+0900 (GMT+09:00):POST /delete/20
Tue Jan 28 2020 22:45:44 GMT+0900 (GMT+09:00):GET /
Tue Jan 28 2020 22:45:48 GMT+0900 (GMT+09:00):GET /delete/21
Tue Jan 28 2020 22:45:50 GMT+0900 (GMT+09:00):POST /delete/21
Tue Jan 28 2020 22:45:50 GMT+0900 (GMT+09:00):GET /
Tue Jan 28 2020 22:45:52 GMT+0900 (GMT+09:00):GET /delete/10
Tue Jan 28 2020 22:45:56 GMT+0900 (GMT+09:00):POST /delete/10
Tue Jan 28 2020 22:45:56 GMT+0900 (GMT+09:00):GET /
Tue Jan 28 2020 22:46:03 GMT+0900 (GMT+09:00):GET /create
Tue Jan 28 2020 22:46:06 GMT+0900 (GMT+09:00):POST /
Tue Jan 28 2020 22:46:06 GMT+0900 (GMT+09:00):GET /
Tue Jan 28 2020 22:51:28 GMT+0900 (GMT+09:00):GET /
Tue Jan 28 2020 22:51:33 GMT+0900 (GMT+09:00):GET /delete/6
Tue Jan 28 2020 22:52:20 GMT+0900 (GMT+09:00):GET /delete/6
Tue Jan 28 2020 22:52:23 GMT+0900 (GMT+09:00):GET /delete/
Tue Jan 28 2020 22:52:33 GMT+0900 (GMT+09:00):GET /delete/
Tue Jan 28 2020 22:53:40 GMT+0900 (GMT+09:00):GET /
Tue Jan 28 2020 22:53:42 GMT+0900 (GMT+09:00):GET /delete/delete/4
Tue Jan 28 2020 22:54:01 GMT+0900 (GMT+09:00):GET /
Tue Jan 28 2020 22:54:26 GMT+0900 (GMT+09:00):GET /
Tue Jan 28 2020 22:54:36 GMT+0900 (GMT+09:00):GET /delete/delete/4
Tue Jan 28 2020 22:55:22 GMT+0900 (GMT+09:00):GET /delete/
Tue Jan 28 2020 22:57:33 GMT+0900 (GMT+09:00):GET /delete/
Tue Jan 28 2020 22:57:47 GMT+0900 (GMT+09:00):GET /delete/
Tue Jan 28 2020 22:58:09 GMT+0900 (GMT+09:00):GET /delete/
Tue Jan 28 2020 22:58:13 GMT+0900 (GMT+09:00):GET /
Tue Jan 28 2020 22:58:18 GMT+0900 (GMT+09:00):GET /edit/4
Tue Jan 28 2020 22:58:25 GMT+0900 (GMT+09:00):POST /update/4
Tue Jan 28 2020 22:58:26 GMT+0900 (GMT+09:00):GET /
Tue Jan 28 2020 22:58:35 GMT+0900 (GMT+09:00):GET /delete/5
Tue Jan 28 2020 22:58:38 GMT+0900 (GMT+09:00):GET /?
Tue Jan 28 2020 22:58:40 GMT+0900 (GMT+09:00):GET /delete/5
Tue Jan 28 2020 22:58:42 GMT+0900 (GMT+09:00):POST /delete/5
Tue Jan 28 2020 22:58:42 GMT+0900 (GMT+09:00):GET /
Tue Jan 28 2020 23:01:39 GMT+0900 (GMT+09:00):GET /
Tue Jan 28 2020 23:02:57 GMT+0900 (GMT+09:00):GET /
Tue Jan 28 2020 23:04:04 GMT+0900 (GMT+09:00):GET /
Tue Jan 28 2020 23:18:01 GMT+0900 (GMT+09:00):GET /
Tue Jan 28 2020 23:20:32 GMT+0900 (GMT+09:00):GET /
Tue Jan 28 2020 23:21:19 GMT+0900 (GMT+09:00):GET /
Tue Jan 28 2020 23:24:32 GMT+0900 (GMT+09:00):GET /
Tue Jan 28 2020 23:24:55 GMT+0900 (GMT+09:00):GET /
Tue Jan 28 2020 23:25:32 GMT+0900 (GMT+09:00):GET /
Tue Jan 28 2020 23:25:34 GMT+0900 (GMT+09:00):GET /create
Tue Jan 28 2020 23:25:39 GMT+0900 (GMT+09:00):GET /edit/4
Tue Jan 28 2020 23:25:44 GMT+0900 (GMT+09:00):POST /update/4
Tue Jan 28 2020 23:25:44 GMT+0900 (GMT+09:00):GET /
Tue Jan 28 2020 23:25:52 GMT+0900 (GMT+09:00):GET /delete/23
Tue Jan 28 2020 23:25:54 GMT+0900 (GMT+09:00):POST /delete/23
Tue Jan 28 2020 23:25:54 GMT+0900 (GMT+09:00):GET /
Tue Jan 28 2020 23:25:58 GMT+0900 (GMT+09:00):GET /delete/19
Tue Jan 28 2020 23:26:00 GMT+0900 (GMT+09:00):POST /delete/19
Tue Jan 28 2020 23:26:00 GMT+0900 (GMT+09:00):GET /
Tue Jan 28 2020 23:26:03 GMT+0900 (GMT+09:00):GET /delete/18
Tue Jan 28 2020 23:26:04 GMT+0900 (GMT+09:00):POST /delete/18
Tue Jan 28 2020 23:26:04 GMT+0900 (GMT+09:00):GET /
Wed Jan 29 2020 20:36:02 GMT+0900 (GMT+09:00):GET /
Wed Jan 29 2020 20:36:03 GMT+0900 (GMT+09:00):GET /favicon.ico
Wed Jan 29 2020 20:36:43 GMT+0900 (GMT+09:00):GET /
Wed Jan 29 2020 20:36:45 GMT+0900 (GMT+09:00):GET /delete/4
Wed Jan 29 2020 20:36:53 GMT+0900 (GMT+09:00):GET /?
Wed Jan 29 2020 20:36:58 GMT+0900 (GMT+09:00):GET /edit/4
Wed Jan 29 2020 20:38:22 GMT+0900 (GMT+09:00):GET /?
Wed Jan 29 2020 20:38:24 GMT+0900 (GMT+09:00):GET /edit/4
Wed Jan 29 2020 20:38:54 GMT+0900 (GMT+09:00):POST /update/4
Wed Jan 29 2020 20:38:54 GMT+0900 (GMT+09:00):GET /
Wed Jan 29 2020 20:39:06 GMT+0900 (GMT+09:00):GET /delete/4
Wed Jan 29 2020 20:42:09 GMT+0900 (GMT+09:00):GET /
Wed Jan 29 2020 20:42:10 GMT+0900 (GMT+09:00):GET /edit/4
Wed Jan 29 2020 20:42:16 GMT+0900 (GMT+09:00):GET /update/4?name=Ted5&email=ted5%40gmail.com
Wed Jan 29 2020 20:44:56 GMT+0900 (GMT+09:00):GET /
Wed Jan 29 2020 20:45:01 GMT+0900 (GMT+09:00):GET /edit/4
Wed Jan 29 2020 20:45:09 GMT+0900 (GMT+09:00):POST /update/4
Wed Jan 29 2020 21:41:26 GMT+0900 (GMT+09:00):GET /
Wed Jan 29 2020 21:41:27 GMT+0900 (GMT+09:00):GET /edit/4
Wed Jan 29 2020 21:41:35 GMT+0900 (GMT+09:00):POST /update/4
Wed Jan 29 2020 21:42:50 GMT+0900 (GMT+09:00):GET /
Wed Jan 29 2020 21:42:52 GMT+0900 (GMT+09:00):GET /create
Wed Jan 29 2020 21:42:56 GMT+0900 (GMT+09:00):GET /delete/4
Wed Jan 29 2020 21:42:58 GMT+0900 (GMT+09:00):GET /edit/4
Wed Jan 29 2020 21:43:12 GMT+0900 (GMT+09:00):GET /update/4?name=Ted8&email=ted8%40gmail.com&_method=put
Wed Jan 29 2020 21:45:04 GMT+0900 (GMT+09:00):GET /
Wed Jan 29 2020 21:45:08 GMT+0900 (GMT+09:00):GET /edit/4
Wed Jan 29 2020 21:45:13 GMT+0900 (GMT+09:00):POST /update/4_method=PUT
Wed Jan 29 2020 21:45:43 GMT+0900 (GMT+09:00):GET /
Wed Jan 29 2020 21:45:47 GMT+0900 (GMT+09:00):GET /edit/4
Wed Jan 29 2020 21:45:54 GMT+0900 (GMT+09:00):PUT /update/4?_method=PUT
Wed Jan 29 2020 21:46:25 GMT+0900 (GMT+09:00):GET /
Wed Jan 29 2020 21:46:27 GMT+0900 (GMT+09:00):GET /edit/4
Wed Jan 29 2020 21:46:32 GMT+0900 (GMT+09:00):PUT /update/4?_method=PUT
Wed Jan 29 2020 21:46:32 GMT+0900 (GMT+09:00):GET /
Wed Jan 29 2020 21:46:46 GMT+0900 (GMT+09:00):GET /edit/4
Wed Jan 29 2020 21:46:54 GMT+0900 (GMT+09:00):PUT /update/4?_method=PUT
Wed Jan 29 2020 21:46:54 GMT+0900 (GMT+09:00):GET /
Wed Jan 29 2020 21:49:35 GMT+0900 (GMT+09:00):GET /create
Wed Jan 29 2020 21:49:38 GMT+0900 (GMT+09:00):GET /edit/4
Wed Jan 29 2020 21:49:44 GMT+0900 (GMT+09:00):PUT /update/4?_method=PUT
Wed Jan 29 2020 21:49:44 GMT+0900 (GMT+09:00):GET /
Wed Jan 29 2020 21:49:47 GMT+0900 (GMT+09:00):GET /delete/6
Wed Jan 29 2020 21:49:51 GMT+0900 (GMT+09:00):DELETE /delete/6?_method=DELETE
Wed Jan 29 2020 21:49:51 GMT+0900 (GMT+09:00):GET /
Wed Jan 29 2020 21:53:30 GMT+0900 (GMT+09:00):GET /
Wed Jan 29 2020 21:53:32 GMT+0900 (GMT+09:00):GET /delete/4
Wed Jan 29 2020 21:53:54 GMT+0900 (GMT+09:00):GET /?
Wed Jan 29 2020 21:53:55 GMT+0900 (GMT+09:00):GET /delete/4
Wed Jan 29 2020 21:54:09 GMT+0900 (GMT+09:00):GET /?
Wed Jan 29 2020 21:54:14 GMT+0900 (GMT+09:00):GET /edit/4
Wed Jan 29 2020 21:57:32 GMT+0900 (GMT+09:00):GET /
Wed Jan 29 2020 21:58:48 GMT+0900 (GMT+09:00):GET /
Wed Jan 29 2020 22:01:00 GMT+0900 (GMT+09:00):GET /
Wed Jan 29 2020 22:01:04 GMT+0900 (GMT+09:00):GET /?
Wed Jan 29 2020 22:02:21 GMT+0900 (GMT+09:00):GET /
Wed Jan 29 2020 22:02:28 GMT+0900 (GMT+09:00):GET /?
Wed Jan 29 2020 22:03:07 GMT+0900 (GMT+09:00):GET /
Wed Jan 29 2020 22:03:50 GMT+0900 (GMT+09:00):GET /
Wed Jan 29 2020 22:04:43 GMT+0900 (GMT+09:00):GET /
Wed Jan 29 2020 22:05:56 GMT+0900 (GMT+09:00):GET /?
Wed Jan 29 2020 22:06:01 GMT+0900 (GMT+09:00):GET /?
Wed Jan 29 2020 22:06:28 GMT+0900 (GMT+09:00):GET /
Wed Jan 29 2020 22:07:28 GMT+0900 (GMT+09:00):GET /
Wed Jan 29 2020 22:07:58 GMT+0900 (GMT+09:00):GET /
Wed Jan 29 2020 22:09:36 GMT+0900 (GMT+09:00):GET /
Wed Jan 29 2020 22:10:50 GMT+0900 (GMT+09:00):GET /
Wed Jan 29 2020 22:19:35 GMT+0900 (GMT+09:00):GET /
Wed Jan 29 2020 22:22:12 GMT+0900 (GMT+09:00):GET /
Wed Jan 29 2020 22:26:30 GMT+0900 (GMT+09:00):GET /
Wed Jan 29 2020 22:29:00 GMT+0900 (GMT+09:00):GET /
Wed Jan 29 2020 22:30:20 GMT+0900 (GMT+09:00):GET /?
Wed Jan 29 2020 22:46:09 GMT+0900 (GMT+09:00):GET /
Wed Jan 29 2020 22:46:11 GMT+0900 (GMT+09:00):GET /delete/4
Wed Jan 29 2020 22:46:13 GMT+0900 (GMT+09:00):GET /?
Wed Jan 29 2020 22:52:16 GMT+0900 (GMT+09:00):GET /
Wed Jan 29 2020 22:52:25 GMT+0900 (GMT+09:00):GET /
Wed Jan 29 2020 22:52:43 GMT+0900 (GMT+09:00):GET /
Wed Jan 29 2020 22:55:46 GMT+0900 (GMT+09:00):GET /
Wed Jan 29 2020 23:00:16 GMT+0900 (GMT+09:00):GET /
Wed Jan 29 2020 23:01:17 GMT+0900 (GMT+09:00):GET /?
Wed Jan 29 2020 23:01:36 GMT+0900 (GMT+09:00):GET /
Wed Jan 29 2020 23:05:10 GMT+0900 (GMT+09:00):GET /
Wed Jan 29 2020 23:12:25 GMT+0900 (GMT+09:00):GET /
Thu Jan 30 2020 22:01:51 GMT+0900 (GMT+09:00):GET /
Thu Jan 30 2020 22:01:51 GMT+0900 (GMT+09:00):GET /favicon.ico
Thu Jan 30 2020 22:01:52 GMT+0900 (GMT+09:00):GET /create
Thu Jan 30 2020 22:01:54 GMT+0900 (GMT+09:00):GET /?
Thu Jan 30 2020 22:08:13 GMT+0900 (GMT+09:00):GET /
Thu Jan 30 2020 22:08:28 GMT+0900 (GMT+09:00):GET /
Thu Jan 30 2020 22:23:15 GMT+0900 (GMT+09:00):GET /create
Thu Jan 30 2020 22:23:16 GMT+0900 (GMT+09:00):GET /?
Thu Jan 30 2020 22:23:19 GMT+0900 (GMT+09:00):GET /?
Thu Jan 30 2020 22:23:24 GMT+0900 (GMT+09:00):GET /
Thu Jan 30 2020 22:30:25 GMT+0900 (GMT+09:00):GET /
Thu Jan 30 2020 22:30:27 GMT+0900 (GMT+09:00):GET /create
Thu Jan 30 2020 22:30:48 GMT+0900 (GMT+09:00):GET /
Thu Jan 30 2020 22:30:49 GMT+0900 (GMT+09:00):GET /create
Thu Jan 30 2020 22:33:01 GMT+0900 (GMT+09:00):GET /create
Thu Jan 30 2020 22:44:17 GMT+0900 (GMT+09:00):GET /create
Thu Jan 30 2020 22:44:28 GMT+0900 (GMT+09:00):GET /create
Thu Jan 30 2020 22:44:36 GMT+0900 (GMT+09:00):GET /create
Thu Jan 30 2020 22:53:35 GMT+0900 (GMT+09:00):GET /create
Thu Jan 30 2020 22:55:27 GMT+0900 (GMT+09:00):GET /create
Thu Jan 30 2020 22:59:48 GMT+0900 (GMT+09:00):GET /create
Thu Jan 30 2020 23:24:31 GMT+0900 (GMT+09:00):GET /create
Thu Jan 30 2020 23:26:42 GMT+0900 (GMT+09:00):GET /create
Thu Jan 30 2020 23:31:44 GMT+0900 (GMT+09:00):GET /create
Thu Jan 30 2020 23:34:18 GMT+0900 (GMT+09:00):GET /create
Thu Jan 30 2020 23:35:07 GMT+0900 (GMT+09:00):GET /create
Thu Jan 30 2020 23:37:26 GMT+0900 (GMT+09:00):GET /create
Thu Jan 30 2020 23:38:24 GMT+0900 (GMT+09:00):GET /create
Thu Jan 30 2020 23:45:19 GMT+0900 (GMT+09:00):GET /create
Thu Jan 30 2020 23:47:31 GMT+0900 (GMT+09:00):GET /create
Fri Jan 31 2020 20:21:46 GMT+0900 (GMT+09:00):GET /favicon.ico
Fri Jan 31 2020 20:21:48 GMT+0900 (GMT+09:00):GET /create
Fri Jan 31 2020 20:22:35 GMT+0900 (GMT+09:00):GET /create
Fri Jan 31 2020 20:24:42 GMT+0900 (GMT+09:00):GET /create
Fri Jan 31 2020 20:26:49 GMT+0900 (GMT+09:00):GET /create
Fri Jan 31 2020 20:27:58 GMT+0900 (GMT+09:00):GET /create
Fri Jan 31 2020 20:33:36 GMT+0900 (GMT+09:00):GET /create
Fri Jan 31 2020 20:36:18 GMT+0900 (GMT+09:00):GET /create
Fri Jan 31 2020 20:37:50 GMT+0900 (GMT+09:00):GET /create
Fri Jan 31 2020 20:40:23 GMT+0900 (GMT+09:00):GET /create
Fri Jan 31 2020 20:40:34 GMT+0900 (GMT+09:00):GET /create
Fri Jan 31 2020 20:41:22 GMT+0900 (GMT+09:00):GET /create
Fri Jan 31 2020 20:43:08 GMT+0900 (GMT+09:00):GET /create
Fri Jan 31 2020 20:45:15 GMT+0900 (GMT+09:00):GET /create
Fri Jan 31 2020 20:55:58 GMT+0900 (GMT+09:00):GET /create
Fri Jan 31 2020 21:05:35 GMT+0900 (GMT+09:00):GET /create
Fri Jan 31 2020 21:08:35 GMT+0900 (GMT+09:00):GET /create
Fri Jan 31 2020 21:08:46 GMT+0900 (GMT+09:00):GET /create
Fri Jan 31 2020 21:09:34 GMT+0900 (GMT+09:00):GET /create
Fri Jan 31 2020 21:14:55 GMT+0900 (GMT+09:00):GET /create
Fri Jan 31 2020 21:17:46 GMT+0900 (GMT+09:00):GET /create
Fri Jan 31 2020 21:18:20 GMT+0900 (GMT+09:00):GET /create
Fri Jan 31 2020 21:18:24 GMT+0900 (GMT+09:00):GET /create
Fri Jan 31 2020 21:18:28 GMT+0900 (GMT+09:00):GET /create
Fri Jan 31 2020 21:19:06 GMT+0900 (GMT+09:00):GET /create
Fri Jan 31 2020 21:23:11 GMT+0900 (GMT+09:00):GET /create
Fri Jan 31 2020 21:25:19 GMT+0900 (GMT+09:00):GET /create
Fri Jan 31 2020 21:26:12 GMT+0900 (GMT+09:00):GET /create
Fri Jan 31 2020 21:26:42 GMT+0900 (GMT+09:00):GET /create
Fri Jan 31 2020 21:58:20 GMT+0900 (GMT+09:00):GET /create
Fri Jan 31 2020 22:02:44 GMT+0900 (GMT+09:00):GET /create
Fri Jan 31 2020 22:04:16 GMT+0900 (GMT+09:00):GET /create
Fri Jan 31 2020 22:04:57 GMT+0900 (GMT+09:00):GET /create
Fri Jan 31 2020 22:05:40 GMT+0900 (GMT+09:00):GET /create
Fri Jan 31 2020 22:06:06 GMT+0900 (GMT+09:00):GET /create
Fri Jan 31 2020 22:06:25 GMT+0900 (GMT+09:00):GET /create
Fri Jan 31 2020 22:07:04 GMT+0900 (GMT+09:00):GET /create
Fri Jan 31 2020 22:09:44 GMT+0900 (GMT+09:00):GET /create
Fri Jan 31 2020 22:10:08 GMT+0900 (GMT+09:00):GET /create
Fri Jan 31 2020 22:10:37 GMT+0900 (GMT+09:00):GET /create
Fri Jan 31 2020 22:14:36 GMT+0900 (GMT+09:00):GET /create
Fri Jan 31 2020 22:16:37 GMT+0900 (GMT+09:00):GET /create
Fri Jan 31 2020 22:23:31 GMT+0900 (GMT+09:00):GET /create
Fri Jan 31 2020 22:25:15 GMT+0900 (GMT+09:00):GET /create
Fri Jan 31 2020 22:26:07 GMT+0900 (GMT+09:00):GET /create
Fri Jan 31 2020 22:27:01 GMT+0900 (GMT+09:00):GET /create
Fri Jan 31 2020 22:27:32 GMT+0900 (GMT+09:00):GET /create
Fri Jan 31 2020 22:28:21 GMT+0900 (GMT+09:00):GET /create
Fri Jan 31 2020 22:28:33 GMT+0900 (GMT+09:00):GET /create
Fri Jan 31 2020 22:30:26 GMT+0900 (GMT+09:00):GET /create
Fri Jan 31 2020 22:30:36 GMT+0900 (GMT+09:00):GET /create
Fri Jan 31 2020 22:30:45 GMT+0900 (GMT+09:00):GET /create
Fri Jan 31 2020 22:31:07 GMT+0900 (GMT+09:00):GET /create
Fri Jan 31 2020 22:31:26 GMT+0900 (GMT+09:00):GET /create
Sat Feb 01 2020 10:18:58 GMT+0900 (GMT+09:00):GET /favicon.ico
Sat Feb 01 2020 10:19:00 GMT+0900 (GMT+09:00):GET /create
Sat Feb 01 2020 10:29:18 GMT+0900 (GMT+09:00):GET /create
Sat Feb 01 2020 10:30:43 GMT+0900 (GMT+09:00):GET /create
Sat Feb 01 2020 10:30:54 GMT+0900 (GMT+09:00):GET /create
Sat Feb 01 2020 10:38:13 GMT+0900 (GMT+09:00):GET /create
Sat Feb 01 2020 10:39:50 GMT+0900 (GMT+09:00):GET /create
Sat Feb 01 2020 10:41:31 GMT+0900 (GMT+09:00):GET /create
Sat Feb 01 2020 10:41:47 GMT+0900 (GMT+09:00):GET /create
Sat Feb 01 2020 10:45:06 GMT+0900 (GMT+09:00):GET /create
Sat Feb 01 2020 10:46:05 GMT+0900 (GMT+09:00):GET /create
Sat Feb 01 2020 10:46:47 GMT+0900 (GMT+09:00):GET /create
Sat Feb 01 2020 10:48:02 GMT+0900 (GMT+09:00):GET /create
Sat Feb 01 2020 10:48:57 GMT+0900 (GMT+09:00):GET /create
Sat Feb 01 2020 10:49:12 GMT+0900 (GMT+09:00):GET /create
Sat Feb 01 2020 10:50:04 GMT+0900 (GMT+09:00):GET /create
Sat Feb 01 2020 10:51:01 GMT+0900 (GMT+09:00):GET /create
Sat Feb 01 2020 10:52:08 GMT+0900 (GMT+09:00):GET /create
Sat Feb 01 2020 10:52:48 GMT+0900 (GMT+09:00):GET /create
Sat Feb 01 2020 10:53:09 GMT+0900 (GMT+09:00):GET /create
Sat Feb 01 2020 10:54:02 GMT+0900 (GMT+09:00):GET /create
Sat Feb 01 2020 10:55:02 GMT+0900 (GMT+09:00):GET /create
Sat Feb 01 2020 11:53:53 GMT+0900 (GMT+09:00):GET /create
Sat Feb 01 2020 11:57:55 GMT+0900 (GMT+09:00):GET /create
Sat Feb 01 2020 11:59:06 GMT+0900 (GMT+09:00):GET /create
Sat Feb 01 2020 12:00:05 GMT+0900 (GMT+09:00):GET /create
Sat Feb 01 2020 12:06:27 GMT+0900 (GMT+09:00):GET /create
Sat Feb 01 2020 12:10:06 GMT+0900 (GMT+09:00):GET /create
Sat Feb 01 2020 12:12:15 GMT+0900 (GMT+09:00):GET /create
Sat Feb 01 2020 12:13:00 GMT+0900 (GMT+09:00):GET /create
Sat Feb 01 2020 12:14:31 GMT+0900 (GMT+09:00):GET /create
Sat Feb 01 2020 12:38:42 GMT+0900 (GMT+09:00):GET /create
Sat Feb 01 2020 12:40:03 GMT+0900 (GMT+09:00):GET /create
Sat Feb 01 2020 12:40:31 GMT+0900 (GMT+09:00):GET /create
Sat Feb 01 2020 12:41:06 GMT+0900 (GMT+09:00):GET /create
Sat Feb 01 2020 12:41:45 GMT+0900 (GMT+09:00):GET /create
Sat Feb 01 2020 14:12:28 GMT+0900 (GMT+09:00):GET /create
